{
  message: 'database is connected successfully',
  level: 'info',
  label: 'Ph1',
  timestamp: '2023-06-08T07:52:39.319Z'
}
{
  message: 'database is connected successfully',
  level: 'info',
  label: 'Ph1',
  timestamp: '2023-06-08T07:54:08.933Z'
}
{
  message: 'database is connected successfully',
  level: 'info',
  label: 'Ph1',
  timestamp: '2023-06-08T07:55:34.283Z'
}
{
  message: 'database is connected successfully',
  level: 'info',
  label: 'Ph1',
  timestamp: '2023-06-08T07:55:43.138Z'
}
