{
  message: 'database is connected successfully',
  level: 'info',
  label: 'Ph1',
  timestamp: '2023-06-12T21:03:48.412Z'
}
{
  message: 'database is connected successfully',
  level: 'info',
  label: 'Ph1',
  timestamp: '2023-06-12T21:03:56.746Z'
}
{
  message: 'database is connected successfully',
  level: 'info',
  label: 'Ph1',
  timestamp: '2023-06-12T21:04:11.331Z'
}
{
  message: 'database is connected successfully',
  level: 'info',
  label: 'Ph1',
  timestamp: '2023-06-12T21:05:31.663Z'
}
{
  message: 'database is connected successfully',
  level: 'info',
  label: 'Ph1',
  timestamp: '2023-06-12T21:08:08.955Z'
}
{
  message: 'database is connected successfully',
  level: 'info',
  label: 'Ph1',
  timestamp: '2023-06-12T21:08:19.090Z'
}
{
  message: 'database is connected successfully',
  level: 'info',
  label: 'Ph1',
  timestamp: '2023-06-12T21:08:28.051Z'
}
{
  message: 'database is connected successfully',
  level: 'info',
  label: 'Ph1',
  timestamp: '2023-06-12T21:09:10.222Z'
}
{
  message: 'database is connected successfully',
  level: 'info',
  label: 'Ph1',
  timestamp: '2023-06-12T21:09:12.915Z'
}
{
  message: 'database is connected successfully',
  level: 'info',
  label: 'Ph1',
  timestamp: '2023-06-12T21:09:22.334Z'
}
{
  message: 'database is connected successfully',
  level: 'info',
  label: 'Ph1',
  timestamp: '2023-06-12T21:09:29.265Z'
}
{
  message: 'database is connected successfully',
  level: 'info',
  label: 'Ph1',
  timestamp: '2023-06-12T21:09:33.619Z'
}
{
  message: 'database is connected successfully',
  level: 'info',
  label: 'Ph1',
  timestamp: '2023-06-12T21:09:38.178Z'
}
{
  message: 'database is connected successfully',
  level: 'info',
  label: 'Ph1',
  timestamp: '2023-06-12T21:10:12.509Z'
}
{
  message: 'database is connected successfully',
  level: 'info',
  label: 'Ph1',
  timestamp: '2023-06-12T21:15:52.224Z'
}
{
  message: 'database is connected successfully',
  level: 'info',
  label: 'Ph1',
  timestamp: '2023-06-12T21:15:54.203Z'
}
{
  message: 'database is connected successfully',
  level: 'info',
  label: 'Ph1',
  timestamp: '2023-06-12T21:15:59.778Z'
}
{
  message: 'database is connected successfully',
  level: 'info',
  label: 'Ph1',
  timestamp: '2023-06-12T21:16:13.596Z'
}
{
  message: 'database is connected successfully',
  level: 'info',
  label: 'Ph1',
  timestamp: '2023-06-12T21:16:21.033Z'
}
{
  message: 'database is connected successfully',
  level: 'info',
  label: 'Ph1',
  timestamp: '2023-06-12T21:16:24.207Z'
}
{
  message: 'database is connected successfully',
  level: 'info',
  label: 'Ph1',
  timestamp: '2023-06-12T21:16:30.002Z'
}
{
  message: 'database is connected successfully',
  level: 'info',
  label: 'Ph1',
  timestamp: '2023-06-12T21:16:33.972Z'
}
{
  message: 'database is connected successfully',
  level: 'info',
  label: 'Ph1',
  timestamp: '2023-06-12T21:16:39.656Z'
}
{
  message: 'database is connected successfully',
  level: 'info',
  label: 'Ph1',
  timestamp: '2023-06-12T21:16:44.070Z'
}
{
  message: 'database is connected successfully',
  level: 'info',
  label: 'Ph1',
  timestamp: '2023-06-12T21:20:37.488Z'
}
{
  message: 'database is connected successfully',
  level: 'info',
  label: 'Ph1',
  timestamp: '2023-06-12T21:20:41.766Z'
}
{
  message: 'database is connected successfully',
  level: 'info',
  label: 'Ph1',
  timestamp: '2023-06-12T21:28:35.940Z'
}
{
  message: 'database is connected successfully',
  level: 'info',
  label: 'Ph1',
  timestamp: '2023-06-12T21:36:26.345Z'
}
{
  message: 'database is connected successfully',
  level: 'info',
  label: 'Ph1',
  timestamp: '2023-06-12T21:36:29.765Z'
}
{
  message: 'database is connected successfully',
  level: 'info',
  label: 'Ph1',
  timestamp: '2023-06-12T21:36:35.864Z'
}
{
  message: 'database is connected successfully',
  level: 'info',
  label: 'Ph1',
  timestamp: '2023-06-12T21:36:39.657Z'
}
{
  message: 'database is connected successfully',
  level: 'info',
  label: 'Ph1',
  timestamp: '2023-06-12T21:37:33.402Z'
}
{
  message: 'database is connected successfully',
  level: 'info',
  label: 'Ph1',
  timestamp: '2023-06-12T21:37:39.530Z'
}
{
  message: 'database is connected successfully',
  level: 'info',
  label: 'Ph1',
  timestamp: '2023-06-12T21:37:49.646Z'
}
{
  message: 'database is connected successfully',
  level: 'info',
  label: 'Ph1',
  timestamp: '2023-06-12T21:37:52.577Z'
}
{
  message: 'database is connected successfully',
  level: 'info',
  label: 'Ph1',
  timestamp: '2023-06-12T21:38:08.149Z'
}
{
  message: 'database is connected successfully',
  level: 'info',
  label: 'Ph1',
  timestamp: '2023-06-12T21:38:10.626Z'
}
{
  message: 'database is connected successfully',
  level: 'info',
  label: 'Ph1',
  timestamp: '2023-06-12T21:38:18.287Z'
}
{
  message: 'database is connected successfully',
  level: 'info',
  label: 'Ph1',
  timestamp: '2023-06-12T21:38:20.887Z'
}
{
  message: 'database is connected successfully',
  level: 'info',
  label: 'Ph1',
  timestamp: '2023-06-12T21:38:25.733Z'
}
{
  message: 'database is connected successfully',
  level: 'info',
  label: 'Ph1',
  timestamp: '2023-06-12T21:38:28.625Z'
}
{
  message: 'database is connected successfully',
  level: 'info',
  label: 'Ph1',
  timestamp: '2023-06-12T21:38:36.568Z'
}
{
  message: 'database is connected successfully',
  level: 'info',
  label: 'Ph1',
  timestamp: '2023-06-12T21:38:43.019Z'
}
{
  message: 'database is connected successfully',
  level: 'info',
  label: 'Ph1',
  timestamp: '2023-06-12T21:38:44.888Z'
}
{
  message: 'database is connected successfully',
  level: 'info',
  label: 'Ph1',
  timestamp: '2023-06-12T21:39:05.333Z'
}
{
  message: 'database is connected successfully',
  level: 'info',
  label: 'Ph1',
  timestamp: '2023-06-12T21:39:08.817Z'
}
{
  message: 'database is connected successfully',
  level: 'info',
  label: 'Ph1',
  timestamp: '2023-06-12T21:39:15.199Z'
}
{
  message: 'database is connected successfully',
  level: 'info',
  label: 'Ph1',
  timestamp: '2023-06-12T21:39:24.379Z'
}
{
  message: 'database is connected successfully',
  level: 'info',
  label: 'Ph1',
  timestamp: '2023-06-12T21:39:27.889Z'
}
{
  message: 'database is connected successfully',
  level: 'info',
  label: 'Ph1',
  timestamp: '2023-06-12T21:41:11.660Z'
}
{
  message: 'database is connected successfully',
  level: 'info',
  label: 'Ph1',
  timestamp: '2023-06-12T21:41:15.187Z'
}
{
  message: 'database is connected successfully',
  level: 'info',
  label: 'Ph1',
  timestamp: '2023-06-12T21:41:40.749Z'
}
{
  message: 'database is connected successfully',
  level: 'info',
  label: 'Ph1',
  timestamp: '2023-06-12T21:42:15.757Z'
}
{
  message: 'database is connected successfully',
  level: 'info',
  label: 'Ph1',
  timestamp: '2023-06-12T21:42:20.591Z'
}
{
  message: 'database is connected successfully',
  level: 'info',
  label: 'Ph1',
  timestamp: '2023-06-12T21:42:50.070Z'
}
{
  message: 'database is connected successfully',
  level: 'info',
  label: 'Ph1',
  timestamp: '2023-06-12T21:42:55.208Z'
}
{
  message: 'database is connected successfully',
  level: 'info',
  label: 'Ph1',
  timestamp: '2023-06-12T21:42:57.361Z'
}
{
  message: 'database is connected successfully',
  level: 'info',
  label: 'Ph1',
  timestamp: '2023-06-12T21:43:40.556Z'
}
{
  message: 'database is connected successfully',
  level: 'info',
  label: 'Ph1',
  timestamp: '2023-06-12T21:52:53.388Z'
}
{
  message: 'database is connected successfully',
  level: 'info',
  label: 'Ph1',
  timestamp: '2023-06-12T21:54:14.823Z'
}
{
  message: 'database is connected successfully',
  level: 'info',
  label: 'Ph1',
  timestamp: '2023-06-12T21:54:58.372Z'
}
{
  message: 'database is connected successfully',
  level: 'info',
  label: 'Ph1',
  timestamp: '2023-06-12T21:55:23.165Z'
}
{
  message: 'database is connected successfully',
  level: 'info',
  label: 'Ph1',
  timestamp: '2023-06-12T21:55:33.797Z'
}
{
  message: 'database is connected successfully',
  level: 'info',
  label: 'Ph1',
  timestamp: '2023-06-12T21:55:45.384Z'
}
{
  message: 'database is connected successfully',
  level: 'info',
  label: 'Ph1',
  timestamp: '2023-06-12T21:55:48.389Z'
}
{
  message: 'database is connected successfully',
  level: 'info',
  label: 'Ph1',
  timestamp: '2023-06-12T21:56:00.879Z'
}
{
  message: 'database is connected successfully',
  level: 'info',
  label: 'Ph1',
  timestamp: '2023-06-12T21:56:04.887Z'
}
{
  message: 'database is connected successfully',
  level: 'info',
  label: 'Ph1',
  timestamp: '2023-06-12T21:56:07.475Z'
}
{
  message: 'database is connected successfully',
  level: 'info',
  label: 'Ph1',
  timestamp: '2023-06-12T21:56:09.403Z'
}
{
  message: 'database is connected successfully',
  level: 'info',
  label: 'Ph1',
  timestamp: '2023-06-12T21:56:13.872Z'
}
{
  message: 'database is connected successfully',
  level: 'info',
  label: 'Ph1',
  timestamp: '2023-06-12T21:56:18.465Z'
}
{
  message: 'database is connected successfully',
  level: 'info',
  label: 'Ph1',
  timestamp: '2023-06-12T21:58:08.810Z'
}
{
  message: 'database is connected successfully',
  level: 'info',
  label: 'Ph1',
  timestamp: '2023-06-12T21:58:14.116Z'
}
{
  message: 'database is connected successfully',
  level: 'info',
  label: 'Ph1',
  timestamp: '2023-06-12T21:58:40.955Z'
}
{
  message: 'database is connected successfully',
  level: 'info',
  label: 'Ph1',
  timestamp: '2023-06-12T21:58:46.130Z'
}
