{
  message: 'database is connected successfully',
  level: 'info',
  label: 'Ph1',
  timestamp: '2023-06-06T15:00:33.591Z'
}
{
  message: 'database is connected successfully',
  level: 'info',
  label: 'Ph1',
  timestamp: '2023-06-06T15:00:40.050Z'
}
{
  message: 'database is connected successfully',
  level: 'info',
  label: 'Ph1',
  timestamp: '2023-06-06T15:00:43.733Z'
}
{
  message: 'database is connected successfully',
  level: 'info',
  label: 'Ph1',
  timestamp: '2023-06-06T15:00:45.355Z'
}
{
  message: 'database is connected successfully',
  level: 'info',
  label: 'Ph1',
  timestamp: '2023-06-06T15:00:48.163Z'
}
{
  message: 'database is connected successfully',
  level: 'info',
  label: 'Ph1',
  timestamp: '2023-06-06T15:00:50.120Z'
}
{
  message: 'database is connected successfully',
  level: 'info',
  label: 'Ph1',
  timestamp: '2023-06-06T15:00:53.996Z'
}
{
  message: 'database is connected successfully',
  level: 'info',
  label: 'Ph1',
  timestamp: '2023-06-06T15:01:10.793Z'
}
{
  message: 'database is connected successfully',
  level: 'info',
  label: 'Ph1',
  timestamp: '2023-06-06T15:01:13.494Z'
}
{
  message: 'database is connected successfully',
  level: 'info',
  label: 'Ph1',
  timestamp: '2023-06-06T15:01:17.680Z'
}
{
  message: 'database is connected successfully',
  level: 'info',
  label: 'Ph1',
  timestamp: '2023-06-06T15:01:21.842Z'
}
{
  message: 'database is connected successfully',
  level: 'info',
  label: 'Ph1',
  timestamp: '2023-06-06T15:01:45.668Z'
}
{
  message: 'database is connected successfully',
  level: 'info',
  label: 'Ph1',
  timestamp: '2023-06-06T15:02:13.363Z'
}
{
  message: 'database is connected successfully',
  level: 'info',
  label: 'Ph1',
  timestamp: '2023-06-06T15:02:20.101Z'
}
{
  message: 'database is connected successfully',
  level: 'info',
  label: 'Ph1',
  timestamp: '2023-06-06T15:03:05.710Z'
}
{
  message: 'database is connected successfully',
  level: 'info',
  label: 'Ph1',
  timestamp: '2023-06-06T15:07:35.213Z'
}
{
  message: 'database is connected successfully',
  level: 'info',
  label: 'Ph1',
  timestamp: '2023-06-06T15:07:51.389Z'
}
{
  message: 'database is connected successfully',
  level: 'info',
  label: 'Ph1',
  timestamp: '2023-06-06T15:07:53.118Z'
}
{
  message: 'database is connected successfully',
  level: 'info',
  label: 'Ph1',
  timestamp: '2023-06-06T15:08:11.377Z'
}
{
  message: 'database is connected successfully',
  level: 'info',
  label: 'Ph1',
  timestamp: '2023-06-06T15:11:40.378Z'
}
{
  message: 'database is connected successfully',
  level: 'info',
  label: 'Ph1',
  timestamp: '2023-06-06T15:13:03.055Z'
}
{
  message: 'database is connected successfully',
  level: 'info',
  label: 'Ph1',
  timestamp: '2023-06-06T15:13:19.523Z'
}
{
  message: 'database is connected successfully',
  level: 'info',
  label: 'Ph1',
  timestamp: '2023-06-06T15:14:56.304Z'
}
{
  message: 'database is connected successfully',
  level: 'info',
  label: 'Ph1',
  timestamp: '2023-06-06T15:14:58.751Z'
}
{
  message: 'database is connected successfully',
  level: 'info',
  label: 'Ph1',
  timestamp: '2023-06-06T15:15:08.686Z'
}
{
  message: 'database is connected successfully',
  level: 'info',
  label: 'Ph1',
  timestamp: '2023-06-06T15:15:13.744Z'
}
{
  message: 'database is connected successfully',
  level: 'info',
  label: 'Ph1',
  timestamp: '2023-06-06T15:15:15.372Z'
}
{
  message: 'database is connected successfully',
  level: 'info',
  label: 'Ph1',
  timestamp: '2023-06-06T15:15:31.269Z'
}
{
  message: 'database is connected successfully',
  level: 'info',
  label: 'Ph1',
  timestamp: '2023-06-06T15:15:34.012Z'
}
{
  message: 'database is connected successfully',
  level: 'info',
  label: 'Ph1',
  timestamp: '2023-06-06T15:15:51.265Z'
}
{
  message: 'database is connected successfully',
  level: 'info',
  label: 'Ph1',
  timestamp: '2023-06-06T15:15:59.252Z'
}
{
  message: 'database is connected successfully',
  level: 'info',
  label: 'Ph1',
  timestamp: '2023-06-06T15:16:28.563Z'
}
{
  message: 'database is connected successfully',
  level: 'info',
  label: 'Ph1',
  timestamp: '2023-06-06T15:16:34.175Z'
}
{
  message: 'database is connected successfully',
  level: 'info',
  label: 'Ph1',
  timestamp: '2023-06-06T15:16:46.267Z'
}
{
  message: 'database is connected successfully',
  level: 'info',
  label: 'Ph1',
  timestamp: '2023-06-06T15:17:19.618Z'
}
{
  message: 'database is connected successfully',
  level: 'info',
  label: 'Ph1',
  timestamp: '2023-06-06T15:17:38.282Z'
}
{
  message: 'database is connected successfully',
  level: 'info',
  label: 'Ph1',
  timestamp: '2023-06-06T15:17:45.100Z'
}
{
  message: 'database is connected successfully',
  level: 'info',
  label: 'Ph1',
  timestamp: '2023-06-06T15:17:51.836Z'
}
{
  message: 'database is connected successfully',
  level: 'info',
  label: 'Ph1',
  timestamp: '2023-06-06T15:17:59.285Z'
}
{
  message: 'database is connected successfully',
  level: 'info',
  label: 'Ph1',
  timestamp: '2023-06-06T15:18:12.452Z'
}
{
  message: 'database is connected successfully',
  level: 'info',
  label: 'Ph1',
  timestamp: '2023-06-06T15:18:17.313Z'
}
{
  message: 'database is connected successfully',
  level: 'info',
  label: 'Ph1',
  timestamp: '2023-06-06T15:18:32.810Z'
}
{
  message: 'database is connected successfully',
  level: 'info',
  label: 'Ph1',
  timestamp: '2023-06-06T15:18:58.737Z'
}
{
  message: 'database is connected successfully',
  level: 'info',
  label: 'Ph1',
  timestamp: '2023-06-06T15:19:01.505Z'
}
{
  message: 'database is connected successfully',
  level: 'info',
  label: 'Ph1',
  timestamp: '2023-06-06T15:19:04.710Z'
}
{
  message: 'database is connected successfully',
  level: 'info',
  label: 'Ph1',
  timestamp: '2023-06-06T15:19:07.463Z'
}
{
  message: 'database is connected successfully',
  level: 'info',
  label: 'Ph1',
  timestamp: '2023-06-06T15:19:14.459Z'
}
{
  message: 'database is connected successfully',
  level: 'info',
  label: 'Ph1',
  timestamp: '2023-06-06T15:19:19.177Z'
}
{
  message: 'database is connected successfully',
  level: 'info',
  label: 'Ph1',
  timestamp: '2023-06-06T15:19:22.826Z'
}
{
  message: 'database is connected successfully',
  level: 'info',
  label: 'Ph1',
  timestamp: '2023-06-06T15:19:26.055Z'
}
{
  message: 'database is connected successfully',
  level: 'info',
  label: 'Ph1',
  timestamp: '2023-06-06T15:19:29.756Z'
}
{
  message: 'database is connected successfully',
  level: 'info',
  label: 'Ph1',
  timestamp: '2023-06-06T15:19:32.814Z'
}
{
  message: 'database is connected successfully',
  level: 'info',
  label: 'Ph1',
  timestamp: '2023-06-06T15:19:45.185Z'
}
{
  message: 'database is connected successfully',
  level: 'info',
  label: 'Ph1',
  timestamp: '2023-06-06T15:19:48.208Z'
}
{
  message: 'database is connected successfully',
  level: 'info',
  label: 'Ph1',
  timestamp: '2023-06-06T15:19:53.255Z'
}
{
  message: 'database is connected successfully',
  level: 'info',
  label: 'Ph1',
  timestamp: '2023-06-06T15:20:07.327Z'
}
{
  message: 'database is connected successfully',
  level: 'info',
  label: 'Ph1',
  timestamp: '2023-06-06T15:20:17.331Z'
}
{
  message: 'database is connected successfully',
  level: 'info',
  label: 'Ph1',
  timestamp: '2023-06-06T15:20:45.059Z'
}
{
  message: 'database is connected successfully',
  level: 'info',
  label: 'Ph1',
  timestamp: '2023-06-06T15:20:47.359Z'
}
{
  message: 'database is connected successfully',
  level: 'info',
  label: 'Ph1',
  timestamp: '2023-06-06T15:20:52.649Z'
}
{
  message: 'database is connected successfully',
  level: 'info',
  label: 'Ph1',
  timestamp: '2023-06-06T15:20:54.813Z'
}
{
  message: 'database is connected successfully',
  level: 'info',
  label: 'Ph1',
  timestamp: '2023-06-06T15:20:58.855Z'
}
{ level: 'info', label: 'Ph1', timestamp: '2023-06-06T15:21:00.471Z' }
{
  message: 'database is connected successfully',
  level: 'info',
  label: 'Ph1',
  timestamp: '2023-06-06T15:21:11.525Z'
}
{ level: 'info', label: 'Ph1', timestamp: '2023-06-06T15:21:16.371Z' }
{
  message: 'database is connected successfully',
  level: 'info',
  label: 'Ph1',
  timestamp: '2023-06-06T15:21:33.932Z'
}
{
  message: 'database is connected successfully',
  level: 'info',
  label: 'Ph1',
  timestamp: '2023-06-06T15:21:37.836Z'
}
{
  message: 'database is connected successfully',
  level: 'info',
  label: 'Ph1',
  timestamp: '2023-06-06T15:21:42.113Z'
}
