{
  message: 'database is connected successfully',
  level: 'info',
  label: 'Ph1',
  timestamp: '2023-06-06T20:06:45.013Z'
}
{
  message: 'database is connected successfully',
  level: 'info',
  label: 'Ph1',
  timestamp: '2023-06-06T20:08:27.810Z'
}
{
  message: 'database is connected successfully',
  level: 'info',
  label: 'Ph1',
  timestamp: '2023-06-06T20:08:33.201Z'
}
{
  message: 'database is connected successfully',
  level: 'info',
  label: 'Ph1',
  timestamp: '2023-06-06T20:09:24.883Z'
}
{
  message: 'database is connected successfully',
  level: 'info',
  label: 'Ph1',
  timestamp: '2023-06-06T20:09:29.983Z'
}
{
  message: 'database is connected successfully',
  level: 'info',
  label: 'Ph1',
  timestamp: '2023-06-06T20:09:36.485Z'
}
{
  message: 'database is connected successfully',
  level: 'info',
  label: 'Ph1',
  timestamp: '2023-06-06T20:09:38.181Z'
}
{
  message: 'database is connected successfully',
  level: 'info',
  label: 'Ph1',
  timestamp: '2023-06-06T20:09:45.576Z'
}
{
  message: 'database is connected successfully',
  level: 'info',
  label: 'Ph1',
  timestamp: '2023-06-06T20:10:05.262Z'
}
{
  message: 'database is connected successfully',
  level: 'info',
  label: 'Ph1',
  timestamp: '2023-06-06T20:10:18.216Z'
}
{
  message: 'database is connected successfully',
  level: 'info',
  label: 'Ph1',
  timestamp: '2023-06-06T20:10:25.042Z'
}
{
  message: 'database is connected successfully',
  level: 'info',
  label: 'Ph1',
  timestamp: '2023-06-06T20:14:18.483Z'
}
